{"C:\\Users\\DREP\\Documents\\LABORATORIA\\Proyectos\\1er proyecto card validation\\DEV005-card-validation\\src\\validator.js": {"path":"C:\\Users\\DREP\\Documents\\LABORATORIA\\Proyectos\\1er proyecto card validation\\DEV005-card-validation\\src\\validator.js","statementMap":{"0":{"start":{"line":1,"column":18},"end":{"line":3,"column":1}}},"fnMap":{},"branchMap":{},"s":{"0":1},"f":{},"b":{},"_coverageSchema":"1a1c01bbd47fc00a2c39e90264f33305004495a9","hash":"ee10877c0208a3bb40fd68f0a554463832ef459f"}
}
